<?xml version="1.0" encoding="UTF-8"?>
<!-- Generated by org.testng.reporters.JUnitXMLReporter -->
<testsuite hostname="candra-PC" ignored="0" name="Default test" tests="4" failures="0" timestamp="14 Jan 2021 15:00:19 GMT" time="0.186" errors="0">
  <testcase name="add" time="0.062" classname="mavenmyproject.Test1"/>
  <testcase name="div" time="0.004" classname="mavenmyproject.Test1"/>
  <testcase name="mul" time="0.004" classname="mavenmyproject.Test1"/>
  <testcase name="sub" time="0.003" classname="mavenmyproject.Test1"/>
</testsuite> <!-- Default test -->
