<?xml version="1.0" encoding="UTF-8"?>
<testng-results skipped="0" failed="0" ignored="0" total="4" passed="4">
  <reporter-output>
  </reporter-output>
  <suite name="Default suite" duration-ms="186" started-at="2021-01-14T15:00:19Z" finished-at="2021-01-14T15:00:19Z">
    <groups>
    </groups>
    <test name="Default test" duration-ms="186" started-at="2021-01-14T15:00:19Z" finished-at="2021-01-14T15:00:19Z">
      <class name="mavenmyproject.Test1">
        <test-method status="PASS" signature="add()[pri:0, instance:mavenmyproject.Test1@56f4468b]" name="add" duration-ms="62" started-at="2021-01-14T20:30:19Z" finished-at="2021-01-14T20:30:19Z">
          <reporter-output>
          </reporter-output>
        </test-method> <!-- add -->
        <test-method status="PASS" signature="div()[pri:0, instance:mavenmyproject.Test1@56f4468b]" name="div" duration-ms="4" started-at="2021-01-14T20:30:19Z" finished-at="2021-01-14T20:30:19Z">
          <reporter-output>
          </reporter-output>
        </test-method> <!-- div -->
        <test-method status="PASS" signature="mul()[pri:0, instance:mavenmyproject.Test1@56f4468b]" name="mul" duration-ms="4" started-at="2021-01-14T20:30:19Z" finished-at="2021-01-14T20:30:19Z">
          <reporter-output>
          </reporter-output>
        </test-method> <!-- mul -->
        <test-method status="PASS" signature="sub()[pri:0, instance:mavenmyproject.Test1@56f4468b]" name="sub" duration-ms="3" started-at="2021-01-14T20:30:19Z" finished-at="2021-01-14T20:30:19Z">
          <reporter-output>
          </reporter-output>
        </test-method> <!-- sub -->
      </class> <!-- mavenmyproject.Test1 -->
    </test> <!-- Default test -->
  </suite> <!-- Default suite -->
</testng-results>
